build/app/outputs/mapping/release/seeds.txt
io.flutter.view.FlutterCallbackInformation
io.flutter.view.FlutterCallbackInformation: java.lang.String callbackName
io.flutter.view.FlutterCallbackInformation: java.lang.String callbackClassName
io.flutter.view.FlutterCallbackInformation: java.lang.String callbackLibraryPath
io.flutter.view.FlutterCallbackInformation: io.flutter.view.FlutterCallbackInformation lookupCallbackInformation(long)
io.flutter.view.FlutterCallbackInformation: FlutterCallbackInformation(java.lang.String,java.lang.String,java.lang.String)
io.flutter.view.FlutterView: io.flutter.embedding.engine.dart.DartExecutor getDartExecutor()
io.flutter.view.FlutterView: io.flutter.view.FlutterNativeView getFlutterNativeView()
io.flutter.view.FlutterView: io.flutter.app.FlutterPluginRegistry getPluginRegistry()
io.flutter.view.FlutterView: void setInitialRoute(java.lang.String)
io.flutter.view.FlutterView: float getDevicePixelRatio()
io.flutter.view.FlutterView: android.graphics.Bitmap getBitmap()
io.flutter.view.FlutterView: android.view.accessibility.AccessibilityNodeProvider getAccessibilityNodeProvider()
io.flutter.view.FlutterView$ZeroSides: io.flutter.view.FlutterView$ZeroSides[] values()
io.flutter.view.FlutterView$ZeroSides: io.flutter.view.FlutterView$ZeroSides valueOf(java.lang.String)
org.webrtc.AndroidVideoDecoder
org.webrtc.AndroidVideoDecoder: java.lang.String TAG
org.webrtc.AndroidVideoDecoder: java.lang.String MEDIA_FORMAT_KEY_STRIDE
org.webrtc.AndroidVideoDecoder: java.lang.String MEDIA_FORMAT_KEY_SLICE_HEIGHT
org.webrtc.AndroidVideoDecoder: java.lang.String MEDIA_FORMAT_KEY_CROP_LEFT
org.webrtc.AndroidVideoDecoder: java.lang.String MEDIA_FORMAT_KEY_CROP_RIGHT
org.webrtc.AndroidVideoDecoder: java.lang.String MEDIA_FORMAT_KEY_CROP_TOP
org.webrtc.AndroidVideoDecoder: java.lang.String MEDIA_FORMAT_KEY_CROP_BOTTOM
org.webrtc.AndroidVideoDecoder: int MEDIA_CODEC_RELEASE_TIMEOUT_MS
org.webrtc.AndroidVideoDecoder: int DEQUEUE_INPUT_TIMEOUT_US
org.webrtc.AndroidVideoDecoder: int DEQUEUE_OUTPUT_BUFFER_TIMEOUT_US
org.webrtc.AndroidVideoDecoder: org.webrtc.MediaCodecWrapperFactory mediaCodecWrapperFactory
org.webrtc.AndroidVideoDecoder: java.lang.String codecName
org.webrtc.AndroidVideoDecoder: org.webrtc.VideoCodecType codecType
org.webrtc.AndroidVideoDecoder: java.util.concurrent.BlockingDeque frameInfos
org.webrtc.AndroidVideoDecoder: int colorFormat
org.webrtc.AndroidVideoDecoder: java.lang.Thread outputThread
org.webrtc.AndroidVideoDecoder: org.webrtc.ThreadUtils$ThreadChecker outputThreadChecker
org.webrtc.AndroidVideoDecoder: org.webrtc.ThreadUtils$ThreadChecker decoderThreadChecker
org.webrtc.AndroidVideoDecoder: boolean running
org.webrtc.AndroidVideoDecoder: java.lang.Exception shutdownException
org.webrtc.AndroidVideoDecoder$1
org.webrtc.AndroidVideoDecoder$1: org.webrtc.AndroidVideoDecoder this$0
org.webrtc.AndroidVideoDecoder$1: AndroidVideoDecoder$1(org.webrtc.AndroidVideoDecoder,java.lang.String)
org.webrtc.AndroidVideoDecoder$1: void run()
org.webrtc.AndroidVideoDecoder$DecodedTextureMetadata
org.webrtc.AndroidVideoDecoder$DecodedTextureMetadata: long presentationTimestampUs
org.webrtc.AndroidVideoDecoder$DecodedTextureMetadata: java.lang.Integer decodeTimeMs
org.webrtc.AndroidVideoDecoder$DecodedTextureMetadata: AndroidVideoDecoder$DecodedTextureMetadata(long,java.lang.Integer)
org.webrtc.AndroidVideoDecoder$FrameInfo
org.webrtc.AndroidVideoDecoder$FrameInfo: long decodeStartTimeMs
org.webrtc.AndroidVideoDecoder$FrameInfo: int rotation
org.webrtc.AndroidVideoDecoder$FrameInfo: AndroidVideoDecoder$FrameInfo(long,int)
org.webrtc.AudioDecoderFactoryFactory
org.webrtc.AudioDecoderFactoryFactory: long createNativeAudioDecoderFactory()
org.webrtc.AudioEncoderFactoryFactory
org.webrtc.AudioEncoderFactoryFactory: long createNativeAudioEncoderFactory()
org.webrtc.AudioProcessingFactory
org.webrtc.AudioProcessingFactory: long createNative()