build/app/outputs/mapping/release/mapping.txt
org.webrtc.CameraVideoCapturer$CameraSwitchHandler -> org.webrtc.CameraVideoCapturer$CameraSwitchHandler:
    void onCameraSwitchDone(boolean) -> onCameraSwitchDone
    void onCameraSwitchError(java.lang.String) -> onCameraSwitchError
org.webrtc.CameraVideoCapturer$MediaRecorderHandler -> org.webrtc.CameraVideoCapturer$MediaRecorderHandler:
    void onMediaRecorderSuccess() -> onMediaRecorderSuccess
    void onMediaRecorderError(java.lang.String) -> onMediaRecorderError
org.webrtc.CapturerObserver -> org.webrtc.CapturerObserver:
    void onCapturerStarted(boolean) -> onCapturerStarted
    void onCapturerStopped() -> onCapturerStopped
    void onFrameCaptured(org.webrtc.VideoFrame) -> onFrameCaptured
org.webrtc.ContextUtils -> org.webrtc.ContextUtils:
    java.lang.String TAG -> TAG
    android.content.Context applicationContext -> applicationContext
    void <init>() -> <init>
    void initialize(android.content.Context) -> initialize
    android.content.Context getApplicationContext() -> getApplicationContext
org.webrtc.CryptoOptions -> org.webrtc.CryptoOptions:
    org.webrtc.CryptoOptions$Srtp srtp -> srtp
    org.webrtc.CryptoOptions$SFrame sframe -> sframe
    void <init>(boolean,boolean,boolean,boolean) -> <init>
    org.webrtc.CryptoOptions$Builder builder() -> builder
    org.webrtc.CryptoOptions$Srtp getSrtp() -> getSrtp
    org.webrtc.CryptoOptions$SFrame getSFrame() -> getSFrame
    void <init>(boolean,boolean,boolean,boolean,org.webrtc.CryptoOptions$1) -> <init>
org.webrtc.CryptoOptions$1 -> org.webrtc.CryptoOptions$1:
org.webrtc.CryptoOptions$Builder -> org.webrtc.CryptoOptions$Builder:
    boolean enableGcmCryptoSuites -> enableGcmCryptoSuites
    boolean enableAes128Sha1_32CryptoCipher -> enableAes128Sha1_32CryptoCipher
    boolean enableEncryptedRtpHeaderExtensions -> enableEncryptedRtpHeaderExtensions
    boolean requireFrameEncryption -> requireFrameEncryption
    void <init>() -> <init>
    org.webrtc.CryptoOptions$Builder setEnableGcmCryptoSuites(boolean) -> setEnableGcmCryptoSuites
    org.webrtc.CryptoOptions$Builder setEnableAes128Sha1_32CryptoCipher(boolean) -> setEnableAes128Sha1_32CryptoCipher
    org.webrtc.CryptoOptions$Builder setEnableEncryptedRtpHeaderExtensions(boolean) -> setEnableEncryptedRtpHeaderExtensions
    org.webrtc.CryptoOptions$Builder setRequireFrameEncryption(boolean) -> setRequireFrameEncryption
    org.webrtc.CryptoOptions createCryptoOptions() -> createCryptoOptions
    void <init>(org.webrtc.CryptoOptions$1) -> <init>
org.webrtc.CryptoOptions$SFrame -> org.webrtc.CryptoOptions$SFrame:
    boolean requireFrameEncryption -> requireFrameEncryption
    org.webrtc.CryptoOptions this$0 -> this$0
    void <init>(org.webrtc.CryptoOptions,boolean) -> <init>
    boolean getRequireFrameEncryption() -> getRequireFrameEncryption
    void <init>(org.webrtc.CryptoOptions,boolean,org.webrtc.CryptoOptions$1) -> <init>
org.webrtc.CryptoOptions$Srtp -> org.webrtc.CryptoOptions$Srtp:
    boolean enableGcmCryptoSuites -> enableGcmCryptoSuites
    boolean enableAes128Sha1_32CryptoCipher -> enableAes128Sha1_32CryptoCipher
    boolean enableEncryptedRtpHeaderExtensions -> enableEncryptedRtpHeaderExtensions
    org.webrtc.CryptoOptions this$0 -> this$0
    void <init>(org.webrtc.CryptoOptions,boolean,boolean,boolean) -> <init>
    boolean getEnableGcmCryptoSuites() -> getEnableGcmCryptoSuites
    boolean getEnableAes128Sha1_32CryptoCipher() -> getEnableAes128Sha1_32CryptoCipher
    boolean getEnableEncryptedRtpHeaderExtensions() -> getEnableEncryptedRtpHeaderExtensions
    void <init>(org.webrtc.CryptoOptions,boolean,boolean,boolean,org.webrtc.CryptoOptions$1) -> <init>