build/app/outputs/mapping/release/usage.txt
android.support.v4.app.NotificationCompat$Action$Builder
android.support.v4.app.NotificationCompat$Action$Extender
android.support.v4.app.NotificationCompat$Action$SemanticAction
android.support.v4.app.NotificationCompat$Action$WearableExtender
android.support.v4.app.NotificationCompat$BadgeIconType
android.support.v4.app.NotificationCompat$BigPictureStyle
android.support.v4.app.NotificationCompat$BigTextStyle
android.support.v4.app.NotificationCompat$Builder
android.support.v4.app.NotificationCompat$CarExtender
android.support.v4.app.NotificationCompat$CarExtender$UnreadConversation
android.support.v4.app.NotificationCompat$CarExtender$UnreadConversation$Builder
android.support.v4.app.NotificationCompat$DecoratedCustomViewStyle
android.support.v4.app.NotificationCompat$Extender
android.support.v4.app.NotificationCompat$GroupAlertBehavior
android.support.v4.app.NotificationCompat$InboxStyle
android.support.v4.app.NotificationCompat$MessagingStyle
android.support.v4.app.NotificationCompat$MessagingStyle$Message
android.support.v4.app.NotificationCompat$NotificationVisibility
android.support.v4.app.NotificationCompat$StreamType
android.support.v4.app.NotificationCompat$Style
android.support.v4.app.NotificationCompat$WearableExtender
android.support.v4.app.NotificationCompatBuilder
android.support.v4.app.NotificationCompatExtras
android.support.v4.app.NotificationCompatJellybean
android.support.v4.app.NotificationCompatSideChannelService
android.support.v4.app.NotificationCompatSideChannelService$NotificationSideChannelStub
android.support.v4.app.NotificationManagerCompat
android.support.v4.app.NotificationManagerCompat$CancelTask
android.support.v4.app.NotificationManagerCompat$NotifyTask
android.support.v4.app.NotificationManagerCompat$ServiceConnectedEvent
android.support.v4.app.NotificationManagerCompat$SideChannelManager
android.support.v4.app.NotificationManagerCompat$SideChannelManager$ListenerRecord
android.support.v4.app.NotificationManagerCompat$Task
android.support.v4.app.OneShotPreDrawListener
android.support.v4.app.Person
android.support.v4.app.Person$Builder
android.support.v4.app.RemoteInput
android.support.v4.app.RemoteInput$Builder
android.support.v4.app.ServiceCompat
android.support.v4.app.ServiceCompat$StopForegroundFlags
android.support.v4.app.ShareCompat
android.support.v4.app.ShareCompat$IntentBuilder
android.support.v4.app.ShareCompat$IntentReader
android.support.v4.app.SharedElementCallback
android.support.v4.app.SharedElementCallback$OnSharedElementsReadyListener
android.support.v4.app.SuperNotCalledException
android.support.v4.app.SupportActivity
android.support.v4.app.SupportActivity$ExtraData
android.support.v4.app.TaskStackBuilder
android.support.v4.app.TaskStackBuilder$SupportParentable
android.support.v4.content.AsyncTaskLoader
android.support.v4.content.AsyncTaskLoader$LoadTask
android.support.v4.content.ContentResolverCompat
android.support.v4.content.ContextCompat
android.support.v4.content.ContextCompat$LegacyServiceMapHolder
android.support.v4.content.CursorLoader
android.support.v4.content.FileProvider
android.support.v4.content.FileProvider$PathStrategy
android.support.v4.content.FileProvider$SimplePathStrategy
android.support.v4.content.IntentCompat
android.support.v4.content.Loader
android.support.v4.content.Loader$ForceLoadContentObserver
android.support.v4.content.Loader$OnLoadCanceledListener
android.support.v4.content.Loader$OnLoadCompleteListener
android.support.v4.content.LocalBroadcastManager
android.support.v4.content.LocalBroadcastManager$1
android.support.v4.content.LocalBroadcastManager$BroadcastRecord
android.support.v4.content.LocalBroadcastManager$ReceiverRecord
android.support.v4.content.MimeTypeFilter
android.support.v4.content.ModernAsyncTask
android.support.v4.content.ModernAsyncTask$1
android.support.v4.content.ModernAsyncTask$2
android.support.v4.content.ModernAsyncTask$3
android.support.v4.content.ModernAsyncTask$4